Using pre-set license
Built from '2020.3/staging' branch; Version is '2020.3.11f1 (99c7afb366b3) revision 10078127'; Using compiler version '192528614'; Build Type 'Release'
OS: 'Windows 10 Home; OS build 19043.1165; Version 2009; 64bit' Language: 'ru' Physical Memory: 16320 MB
BatchMode: 1, IsHumanControllingUs: 0, StartBugReporterOnCrash: 0, Is64bit: 1, IsPro: 0

 COMMAND LINE ARGUMENTS:
C:\Program Files\Unity\Hub\Editor\2020.3.11f1\Editor\Unity.exe
-adb2
-batchMode
-noUpm
-name
AssetImportWorker0
-projectPath
C:/Hex/Hex
-logFile
Logs/AssetImportWorker0.log
-srvPort
49678
Successfully changed project path to: C:/Hex/Hex
C:/Hex/Hex
Using Asset Import Pipeline V2.
Refreshing native plugins compatible for Editor in 40.50 ms, found 3 plugins.
Preloading 0 native plugins for Editor in 0.00 ms.
Initialize engine version: 2020.3.11f1 (99c7afb366b3)
[Subsystems] Discovering subsystems at path C:/Program Files/Unity/Hub/Editor/2020.3.11f1/Editor/Data/Resources/UnitySubsystems
[Subsystems] Discovering subsystems at path C:/Hex/Hex/Assets
GfxDevice: creating device client; threaded=0
Direct3D:
    Version:  Direct3D 11.0 [level 11.1]
    Renderer: NVIDIA GeForce GTX 1060 6GB (ID=0x1c03)
    Vendor:   
    VRAM:     6052 MB
    Driver:   27.21.14.5671
Initialize mono
Mono path[0] = 'C:/Program Files/Unity/Hub/Editor/2020.3.11f1/Editor/Data/Managed'
Mono path[1] = 'C:/Program Files/Unity/Hub/Editor/2020.3.11f1/Editor/Data/MonoBleedingEdge/lib/mono/unityjit'
Mono config path = 'C:/Program Files/Unity/Hub/Editor/2020.3.11f1/Editor/Data/MonoBleedingEdge/etc'
Using monoOptions --debugger-agent=transport=dt_socket,embedding=1,server=y,suspend=n,address=127.0.0.1:56468
Begin MonoManager ReloadAssembly
Registering precompiled unity dll's ...
Register platform support module: C:/Program Files/Unity/Hub/Editor/2020.3.11f1/Editor/Data/PlaybackEngines/WindowsStandaloneSupport/UnityEditor.WindowsStandalone.Extensions.dll
Registered in 0.002240 seconds.
Native extension for WindowsStandalone target not found
Refreshing native plugins compatible for Editor in 40.65 ms, found 3 plugins.
Preloading 0 native plugins for Editor in 0.00 ms.
Mono: successfully reloaded assembly
- Completed reload, in  1.925 seconds
Platform modules already initialized, skipping
Registering precompiled user dll's ...
Registered in 0.005559 seconds.
Begin MonoManager ReloadAssembly
Native extension for WindowsStandalone target not found
Refreshing native plugins compatible for Editor in 36.16 ms, found 3 plugins.
Preloading 0 native plugins for Editor in 0.00 ms.
Mono: successfully reloaded assembly
- Completed reload, in  1.032 seconds
Platform modules already initialized, skipping
========================================================================
Worker process is ready to serve import requests
Launched and connected shader compiler UnityShaderCompiler.exe after 0.05 seconds
Refreshing native plugins compatible for Editor in 0.43 ms, found 3 plugins.
Preloading 0 native plugins for Editor in 0.00 ms.
Unloading 2134 Unused Serialized files (Serialized files now loaded: 0)
System memory in use before: 96.1 MB.
System memory in use after: 96.1 MB.

Unloading 33 unused Assets to reduce memory usage. Loaded Objects now: 2567.
Total: 2.365800 ms (FindLiveObjects: 0.180600 ms CreateObjectMapping: 0.103800 ms MarkObjects: 1.906600 ms  DeleteObjects: 0.174000 ms)

========================================================================
Received Import Request.
  path: Assets/Scripts
  artifactKey: Guid(be1289d203b03254b8f3f377a7375a3c) Importer(815301076,1909f56bfc062723c751e8b465ee728b)
Start importing Assets/Scripts using Guid(be1289d203b03254b8f3f377a7375a3c) Importer(815301076,1909f56bfc062723c751e8b465ee728b)  -> (artifact id: 'e90c1b4eeee85e1b4f580e906de0c007') in 0.004061 seconds
  Import took 0.006776 seconds .

========================================================================
Received Import Request.
  Time since last request: 0.378685 seconds.
  path: Assets/Scripts/Controllers
  artifactKey: Guid(00f2a9a4d5321664c9ef31ef607ca179) Importer(815301076,1909f56bfc062723c751e8b465ee728b)
Start importing Assets/Scripts/Controllers using Guid(00f2a9a4d5321664c9ef31ef607ca179) Importer(815301076,1909f56bfc062723c751e8b465ee728b)  -> (artifact id: '54cc9d257f4379656642d6df7e89af94') in 0.002414 seconds
  Import took 0.006110 seconds .

========================================================================
Received Import Request.
  Time since last request: 1.107122 seconds.
  path: Assets/Scripts/Controllers/Map
  artifactKey: Guid(c9fd5332364311d4580771922dcff717) Importer(815301076,1909f56bfc062723c751e8b465ee728b)
Start importing Assets/Scripts/Controllers/Map using Guid(c9fd5332364311d4580771922dcff717) Importer(815301076,1909f56bfc062723c751e8b465ee728b)  -> (artifact id: 'c9f6bd400303614afdb8c6b6ebf2b6b2') in 0.001775 seconds
  Import took 0.004996 seconds .

========================================================================
Received Import Request.
  Time since last request: 0.869130 seconds.
  path: Assets/Scripts/Controllers/Map/MapGenerator
  artifactKey: Guid(8ab9844d71722034288510575b3bef86) Importer(815301076,1909f56bfc062723c751e8b465ee728b)
Start importing Assets/Scripts/Controllers/Map/MapGenerator using Guid(8ab9844d71722034288510575b3bef86) Importer(815301076,1909f56bfc062723c751e8b465ee728b)  -> (artifact id: '93e0d58a77e507cce9c4ed501e7e4f06') in 0.001913 seconds
  Import took 0.005088 seconds .

========================================================================
Received Import Request.
  Time since last request: 5.599097 seconds.
  path: Assets/Scripts/Controllers/Map/MapGenerator/MapCreationController.cs
  artifactKey: Guid(de0d586103601c340b5fbf2632f25039) Importer(815301076,1909f56bfc062723c751e8b465ee728b)
Start importing Assets/Scripts/Controllers/Map/MapGenerator/MapCreationController.cs using Guid(de0d586103601c340b5fbf2632f25039) Importer(815301076,1909f56bfc062723c751e8b465ee728b)  -> (artifact id: '79f9cc31368568a1b1f35d9b07712c22') in 0.035451 seconds
  Import took 0.039369 seconds .

AssetImportWorkerClient::OnTransportError - code=2 error=End of file
