Using pre-set license
Built from '2020.3/staging' branch; Version is '2020.3.11f1 (99c7afb366b3) revision 10078127'; Using compiler version '192528614'; Build Type 'Release'
OS: 'Windows 10 Home; OS build 19043.1165; Version 2009; 64bit' Language: 'ru' Physical Memory: 16320 MB
BatchMode: 1, IsHumanControllingUs: 0, StartBugReporterOnCrash: 0, Is64bit: 1, IsPro: 0

 COMMAND LINE ARGUMENTS:
C:\Program Files\Unity\Hub\Editor\2020.3.11f1\Editor\Unity.exe
-adb2
-batchMode
-noUpm
-name
AssetImportWorker0
-projectPath
C:/Hexachess/Hex
-logFile
Logs/AssetImportWorker0.log
-srvPort
60731
Successfully changed project path to: C:/Hexachess/Hex
C:/Hexachess/Hex
Using Asset Import Pipeline V2.
Refreshing native plugins compatible for Editor in 41.32 ms, found 3 plugins.
Preloading 0 native plugins for Editor in 0.00 ms.
Initialize engine version: 2020.3.11f1 (99c7afb366b3)
[Subsystems] Discovering subsystems at path C:/Program Files/Unity/Hub/Editor/2020.3.11f1/Editor/Data/Resources/UnitySubsystems
[Subsystems] Discovering subsystems at path C:/Hexachess/Hex/Assets
GfxDevice: creating device client; threaded=0
Direct3D:
    Version:  Direct3D 11.0 [level 11.1]
    Renderer: NVIDIA GeForce GTX 1060 6GB (ID=0x1c03)
    Vendor:   
    VRAM:     6052 MB
    Driver:   27.21.14.5671
Initialize mono
Mono path[0] = 'C:/Program Files/Unity/Hub/Editor/2020.3.11f1/Editor/Data/Managed'
Mono path[1] = 'C:/Program Files/Unity/Hub/Editor/2020.3.11f1/Editor/Data/MonoBleedingEdge/lib/mono/unityjit'
Mono config path = 'C:/Program Files/Unity/Hub/Editor/2020.3.11f1/Editor/Data/MonoBleedingEdge/etc'
Using monoOptions --debugger-agent=transport=dt_socket,embedding=1,server=y,suspend=n,address=127.0.0.1:56984
Begin MonoManager ReloadAssembly
Registering precompiled unity dll's ...
Register platform support module: C:/Program Files/Unity/Hub/Editor/2020.3.11f1/Editor/Data/PlaybackEngines/WindowsStandaloneSupport/UnityEditor.WindowsStandalone.Extensions.dll
Registered in 0.002197 seconds.
Native extension for WindowsStandalone target not found
Refreshing native plugins compatible for Editor in 39.09 ms, found 3 plugins.
Preloading 0 native plugins for Editor in 0.00 ms.
Mono: successfully reloaded assembly
- Completed reload, in  2.067 seconds
Platform modules already initialized, skipping
Registering precompiled user dll's ...
Registered in 0.004991 seconds.
Begin MonoManager ReloadAssembly
Native extension for WindowsStandalone target not found
Refreshing native plugins compatible for Editor in 38.19 ms, found 3 plugins.
Preloading 0 native plugins for Editor in 0.00 ms.
Mono: successfully reloaded assembly
- Completed reload, in  1.224 seconds
Platform modules already initialized, skipping
========================================================================
Worker process is ready to serve import requests
Launched and connected shader compiler UnityShaderCompiler.exe after 0.05 seconds
Refreshing native plugins compatible for Editor in 0.43 ms, found 3 plugins.
Preloading 0 native plugins for Editor in 0.00 ms.
Unloading 2134 Unused Serialized files (Serialized files now loaded: 0)
System memory in use before: 96.1 MB.
System memory in use after: 96.1 MB.

Unloading 33 unused Assets to reduce memory usage. Loaded Objects now: 2567.
Total: 2.265400 ms (FindLiveObjects: 0.198300 ms CreateObjectMapping: 0.073400 ms MarkObjects: 1.838400 ms  DeleteObjects: 0.154400 ms)

========================================================================
Received Import Request.
  path: Assets/Prefabs/Resources/Map.prefab
  artifactKey: Guid(c6d96ba4214333f4f94f65424cfdeb24) Importer(815301076,1909f56bfc062723c751e8b465ee728b)
Start importing Assets/Prefabs/Resources/Map.prefab using Guid(c6d96ba4214333f4f94f65424cfdeb24) Importer(815301076,1909f56bfc062723c751e8b465ee728b)  -> (artifact id: 'c7e75a68829e02c90da635d1cb691439') in 0.179061 seconds
  Import took 0.183400 seconds .

========================================================================
Received Import Request.
  Time since last request: 10.500592 seconds.
  path: Assets/Prefabs/Resources/Map.prefab
  artifactKey: Guid(c6d96ba4214333f4f94f65424cfdeb24) Importer(815301076,1909f56bfc062723c751e8b465ee728b)
Start importing Assets/Prefabs/Resources/Map.prefab using Guid(c6d96ba4214333f4f94f65424cfdeb24) Importer(815301076,1909f56bfc062723c751e8b465ee728b)  -> (artifact id: 'c43d684f6e148816f276dacf81055a5b') in 0.061026 seconds
  Import took 0.065776 seconds .

========================================================================
Received Import Request.
  Time since last request: 6.165531 seconds.
  path: Assets/Prefabs/Resources/Map.prefab
  artifactKey: Guid(c6d96ba4214333f4f94f65424cfdeb24) Importer(815301076,1909f56bfc062723c751e8b465ee728b)
Start importing Assets/Prefabs/Resources/Map.prefab using Guid(c6d96ba4214333f4f94f65424cfdeb24) Importer(815301076,1909f56bfc062723c751e8b465ee728b)  -> (artifact id: 'e1411584c39a70948f23325b4fcb8f2a') in 0.053388 seconds
  Import took 0.060601 seconds .

========================================================================
Received Import Request.
  Time since last request: 27.809381 seconds.
  path: Assets/Prefabs/Resources/hex_rock.png
  artifactKey: Guid(6b7636484b4e1954fbfcb679348201af) Importer(815301076,1909f56bfc062723c751e8b465ee728b)
Start importing Assets/Prefabs/Resources/hex_rock.png using Guid(6b7636484b4e1954fbfcb679348201af) Importer(815301076,1909f56bfc062723c751e8b465ee728b)  -> (artifact id: '4875d7c5aa36f19011f4afcf03f95be7') in 0.033639 seconds
  Import took 0.037392 seconds .

========================================================================
Received Import Request.
  Time since last request: 10.401355 seconds.
  path: Assets/Prefabs/Resources/Map.prefab
  artifactKey: Guid(c6d96ba4214333f4f94f65424cfdeb24) Importer(815301076,1909f56bfc062723c751e8b465ee728b)
Start importing Assets/Prefabs/Resources/Map.prefab using Guid(c6d96ba4214333f4f94f65424cfdeb24) Importer(815301076,1909f56bfc062723c751e8b465ee728b)  -> (artifact id: 'ebb38b8398baa02bf84cdb25bca17970') in 0.059835 seconds
  Import took 0.064807 seconds .

========================================================================
Received Import Request.
  Time since last request: 6.087384 seconds.
  path: Assets/Prefabs/Resources/hex_rock.png
  artifactKey: Guid(6b7636484b4e1954fbfcb679348201af) Importer(815301076,1909f56bfc062723c751e8b465ee728b)
Start importing Assets/Prefabs/Resources/hex_rock.png using Guid(6b7636484b4e1954fbfcb679348201af) Importer(815301076,1909f56bfc062723c751e8b465ee728b)  -> (artifact id: 'd6f7566fafd664472ebe226ebf70fec4') in 0.009012 seconds
  Import took 0.012541 seconds .

========================================================================
Received Import Request.
  Time since last request: 0.010697 seconds.
  path: Assets/Prefabs/Resources/hex_rock.png
  artifactKey: Guid(6b7636484b4e1954fbfcb679348201af) Importer(815301076,1909f56bfc062723c751e8b465ee728b)
Start importing Assets/Prefabs/Resources/hex_rock.png using Guid(6b7636484b4e1954fbfcb679348201af) Importer(815301076,1909f56bfc062723c751e8b465ee728b)  -> (artifact id: 'd6f7566fafd664472ebe226ebf70fec4') in 0.009680 seconds
  Import took 0.013223 seconds .

========================================================================
Received Import Request.
  Time since last request: 5.715540 seconds.
  path: Assets/Prefabs/Resources/hex_rock.png
  artifactKey: Guid(6b7636484b4e1954fbfcb679348201af) Importer(815301076,1909f56bfc062723c751e8b465ee728b)
Start importing Assets/Prefabs/Resources/hex_rock.png using Guid(6b7636484b4e1954fbfcb679348201af) Importer(815301076,1909f56bfc062723c751e8b465ee728b)  -> (artifact id: '8121c3e8f8835828861e17f6d5acd53e') in 0.008786 seconds
  Import took 0.012549 seconds .

========================================================================
Received Import Request.
  Time since last request: 0.007083 seconds.
  path: Assets/Prefabs/Resources/hex_rock.png
  artifactKey: Guid(6b7636484b4e1954fbfcb679348201af) Importer(815301076,1909f56bfc062723c751e8b465ee728b)
Start importing Assets/Prefabs/Resources/hex_rock.png using Guid(6b7636484b4e1954fbfcb679348201af) Importer(815301076,1909f56bfc062723c751e8b465ee728b)  -> (artifact id: '8121c3e8f8835828861e17f6d5acd53e') in 0.010976 seconds
  Import took 0.014389 seconds .

========================================================================
Received Import Request.
  Time since last request: 4.977059 seconds.
  path: Assets/Prefabs/Resources/hex_rock.png
  artifactKey: Guid(6b7636484b4e1954fbfcb679348201af) Importer(815301076,1909f56bfc062723c751e8b465ee728b)
Start importing Assets/Prefabs/Resources/hex_rock.png using Guid(6b7636484b4e1954fbfcb679348201af) Importer(815301076,1909f56bfc062723c751e8b465ee728b)  -> (artifact id: '2ec8a43afd2a3beb8f02f9ce8f9112e9') in 0.010164 seconds
  Import took 0.013725 seconds .

========================================================================
Received Import Request.
  Time since last request: 0.008915 seconds.
  path: Assets/Prefabs/Resources/hex_rock.png
  artifactKey: Guid(6b7636484b4e1954fbfcb679348201af) Importer(815301076,1909f56bfc062723c751e8b465ee728b)
Start importing Assets/Prefabs/Resources/hex_rock.png using Guid(6b7636484b4e1954fbfcb679348201af) Importer(815301076,1909f56bfc062723c751e8b465ee728b)  -> (artifact id: '2ec8a43afd2a3beb8f02f9ce8f9112e9') in 0.011767 seconds
  Import took 0.015314 seconds .

========================================================================
Received Import Request.
  Time since last request: 10.055628 seconds.
  path: Assets/Prefabs/Resources/Map.prefab
  artifactKey: Guid(c6d96ba4214333f4f94f65424cfdeb24) Importer(815301076,1909f56bfc062723c751e8b465ee728b)
Start importing Assets/Prefabs/Resources/Map.prefab using Guid(c6d96ba4214333f4f94f65424cfdeb24) Importer(815301076,1909f56bfc062723c751e8b465ee728b)  -> (artifact id: 'e0ac6a8e2edfbe9e9067a6c219950095') in 0.060729 seconds
  Import took 0.065567 seconds .

========================================================================
Received Import Request.
  Time since last request: 4.548254 seconds.
  path: Assets/Prefabs/Resources/hex_rock.png
  artifactKey: Guid(6b7636484b4e1954fbfcb679348201af) Importer(815301076,1909f56bfc062723c751e8b465ee728b)
Start importing Assets/Prefabs/Resources/hex_rock.png using Guid(6b7636484b4e1954fbfcb679348201af) Importer(815301076,1909f56bfc062723c751e8b465ee728b)  -> (artifact id: '3076ef7a6515869e2873adb0f3096747') in 0.009207 seconds
  Import took 0.012982 seconds .

========================================================================
Received Import Request.
  Time since last request: 0.006986 seconds.
  path: Assets/Prefabs/Resources/hex_rock.png
  artifactKey: Guid(6b7636484b4e1954fbfcb679348201af) Importer(815301076,1909f56bfc062723c751e8b465ee728b)
Start importing Assets/Prefabs/Resources/hex_rock.png using Guid(6b7636484b4e1954fbfcb679348201af) Importer(815301076,1909f56bfc062723c751e8b465ee728b)  -> (artifact id: '3076ef7a6515869e2873adb0f3096747') in 0.011917 seconds
  Import took 0.015375 seconds .

========================================================================
Received Import Request.
  Time since last request: 17.711334 seconds.
  path: Assets/Prefabs/Resources/Map.prefab
  artifactKey: Guid(c6d96ba4214333f4f94f65424cfdeb24) Importer(815301076,1909f56bfc062723c751e8b465ee728b)
Start importing Assets/Prefabs/Resources/Map.prefab using Guid(c6d96ba4214333f4f94f65424cfdeb24) Importer(815301076,1909f56bfc062723c751e8b465ee728b)  -> (artifact id: '346a6e4f1ddb953b19711191fea24671') in 0.060184 seconds
  Import took 0.065174 seconds .

========================================================================
Received Import Request.
  Time since last request: 31.842610 seconds.
  path: Assets/Prefabs/Resources/hex_rock.png
  artifactKey: Guid(6b7636484b4e1954fbfcb679348201af) Importer(815301076,1909f56bfc062723c751e8b465ee728b)
Start importing Assets/Prefabs/Resources/hex_rock.png using Guid(6b7636484b4e1954fbfcb679348201af) Importer(815301076,1909f56bfc062723c751e8b465ee728b)  -> (artifact id: '4845f28ef6fe2710bd1b51b972bda5a8') in 0.008678 seconds
  Import took 0.011986 seconds .

========================================================================
Received Import Request.
  Time since last request: 0.015542 seconds.
  path: Assets/Prefabs/Resources/hex_rock.png
  artifactKey: Guid(6b7636484b4e1954fbfcb679348201af) Importer(815301076,1909f56bfc062723c751e8b465ee728b)
Start importing Assets/Prefabs/Resources/hex_rock.png using Guid(6b7636484b4e1954fbfcb679348201af) Importer(815301076,1909f56bfc062723c751e8b465ee728b)  -> (artifact id: '4845f28ef6fe2710bd1b51b972bda5a8') in 0.011082 seconds
  Import took 0.015102 seconds .

========================================================================
Received Import Request.
  Time since last request: 16.037371 seconds.
  path: Assets/Prefabs/Resources/Map.prefab
  artifactKey: Guid(c6d96ba4214333f4f94f65424cfdeb24) Importer(815301076,1909f56bfc062723c751e8b465ee728b)
Start importing Assets/Prefabs/Resources/Map.prefab using Guid(c6d96ba4214333f4f94f65424cfdeb24) Importer(815301076,1909f56bfc062723c751e8b465ee728b)  -> (artifact id: '04288e9310f647bec19910f747c0edc0') in 0.065807 seconds
  Import took 0.071051 seconds .

========================================================================
Received Import Request.
  Time since last request: 0.002231 seconds.
  path: Assets/Prefabs/Resources/Map.prefab
  artifactKey: Guid(c6d96ba4214333f4f94f65424cfdeb24) Importer(815301076,1909f56bfc062723c751e8b465ee728b)
Start importing Assets/Prefabs/Resources/Map.prefab using Guid(c6d96ba4214333f4f94f65424cfdeb24) Importer(815301076,1909f56bfc062723c751e8b465ee728b)  -> (artifact id: '04288e9310f647bec19910f747c0edc0') in 0.062859 seconds
  Import took 0.068043 seconds .

========================================================================
Received Import Request.
  Time since last request: 135.647488 seconds.
  path: Assets/Prefabs/Resources/Map.prefab
  artifactKey: Guid(c6d96ba4214333f4f94f65424cfdeb24) Importer(815301076,1909f56bfc062723c751e8b465ee728b)
Start importing Assets/Prefabs/Resources/Map.prefab using Guid(c6d96ba4214333f4f94f65424cfdeb24) Importer(815301076,1909f56bfc062723c751e8b465ee728b)  -> (artifact id: '57127a352eaf61c7a9bb083caccc75ae') in 0.057851 seconds
  Import took 0.063175 seconds .

========================================================================
Received Import Request.
  Time since last request: 3.160112 seconds.
  path: Assets/Prefabs/Resources/Map.prefab
  artifactKey: Guid(c6d96ba4214333f4f94f65424cfdeb24) Importer(815301076,1909f56bfc062723c751e8b465ee728b)
Start importing Assets/Prefabs/Resources/Map.prefab using Guid(c6d96ba4214333f4f94f65424cfdeb24) Importer(815301076,1909f56bfc062723c751e8b465ee728b)  -> (artifact id: '64d53ac9a276d077b2d2f5ea13fe2229') in 0.057193 seconds
  Import took 0.062118 seconds .

========================================================================
Received Prepare
Registering precompiled user dll's ...
Registered in 0.006841 seconds.
Begin MonoManager ReloadAssembly
Native extension for WindowsStandalone target not found
Refreshing native plugins compatible for Editor in 0.43 ms, found 3 plugins.
Preloading 0 native plugins for Editor in 0.00 ms.
Mono: successfully reloaded assembly
- Completed reload, in  0.945 seconds
Platform modules already initialized, skipping
Switching build target platform(19) subTarget(0) extendedPlatform(0) -> platform(13) subTarget(537395200) extendedPlatform(0)
Refreshing native plugins compatible for Editor in 0.42 ms, found 3 plugins.
Preloading 0 native plugins for Editor in 0.00 ms.
Unloading 2119 Unused Serialized files (Serialized files now loaded: 0)
System memory in use before: 98.2 MB.
System memory in use after: 98.2 MB.

Unloading 21 unused Assets to reduce memory usage. Loaded Objects now: 2581.
Total: 2.468600 ms (FindLiveObjects: 0.216700 ms CreateObjectMapping: 0.080400 ms MarkObjects: 2.046800 ms  DeleteObjects: 0.123800 ms)

AssetImportParameters requested are different than current active one (requested -> active):
  custom:graphics/normal-map-encoding: 01000000000000000000000000000000 -> 02000000000000000000000000000000
========================================================================
Received Import Request.
  Time since last request: 483.319291 seconds.
  path: Assets/Prefabs/Resources/Map.prefab
  artifactKey: Guid(c6d96ba4214333f4f94f65424cfdeb24) Importer(815301076,1909f56bfc062723c751e8b465ee728b)
Start importing Assets/Prefabs/Resources/Map.prefab using Guid(c6d96ba4214333f4f94f65424cfdeb24) Importer(815301076,1909f56bfc062723c751e8b465ee728b)  -> (artifact id: '9ccc8783abbfd980ab710b5b9744fd0f') in 0.128844 seconds
  Import took 0.134295 seconds .

========================================================================
Received Import Request.
  Time since last request: 0.000385 seconds.
  path: Assets/Prefabs/Resources/MapCell2.prefab
  artifactKey: Guid(9fb30b448e378ea4995de1f94879cbdf) Importer(815301076,1909f56bfc062723c751e8b465ee728b)
Start importing Assets/Prefabs/Resources/MapCell2.prefab using Guid(9fb30b448e378ea4995de1f94879cbdf) Importer(815301076,1909f56bfc062723c751e8b465ee728b)  -> (artifact id: 'e35ac54d1314444b9dd81cd4ea87cb3b') in 0.008169 seconds
  Import took 0.011864 seconds .

========================================================================
Received Import Request.
  Time since last request: 0.000316 seconds.
  path: Assets/Prefabs/Resources/MapCell.prefab
  artifactKey: Guid(684c214c86bf9e64185afd4c64bc3cca) Importer(815301076,1909f56bfc062723c751e8b465ee728b)
Start importing Assets/Prefabs/Resources/MapCell.prefab using Guid(684c214c86bf9e64185afd4c64bc3cca) Importer(815301076,1909f56bfc062723c751e8b465ee728b)  -> (artifact id: '90746aca81454db522b22c0c704ea8aa') in 0.030300 seconds
  Import took 0.033426 seconds .

========================================================================
Received Prepare
Registering precompiled user dll's ...
Registered in 0.006088 seconds.
Begin MonoManager ReloadAssembly
Native extension for WindowsStandalone target not found
Refreshing native plugins compatible for Editor in 0.43 ms, found 3 plugins.
Preloading 0 native plugins for Editor in 0.00 ms.
Mono: successfully reloaded assembly
- Completed reload, in  1.139 seconds
Platform modules already initialized, skipping
Switching build target platform(19) subTarget(0) extendedPlatform(0) -> platform(13) subTarget(537395200) extendedPlatform(0)
Refreshing native plugins compatible for Editor in 0.42 ms, found 3 plugins.
Preloading 0 native plugins for Editor in 0.00 ms.
Unloading 2119 Unused Serialized files (Serialized files now loaded: 0)
System memory in use before: 98.3 MB.
System memory in use after: 98.3 MB.

Unloading 21 unused Assets to reduce memory usage. Loaded Objects now: 2586.
Total: 2.256100 ms (FindLiveObjects: 0.192300 ms CreateObjectMapping: 0.066800 ms MarkObjects: 1.867700 ms  DeleteObjects: 0.128600 ms)

AssetImportParameters requested are different than current active one (requested -> active):
  custom:graphics/normal-map-encoding: 01000000000000000000000000000000 -> 02000000000000000000000000000000
========================================================================
Received Prepare
Registering precompiled user dll's ...
Registered in 0.005570 seconds.
Begin MonoManager ReloadAssembly
Native extension for WindowsStandalone target not found
Refreshing native plugins compatible for Editor in 0.42 ms, found 3 plugins.
Preloading 0 native plugins for Editor in 0.00 ms.
Mono: successfully reloaded assembly
- Completed reload, in  1.037 seconds
Platform modules already initialized, skipping
Switching build target platform(19) subTarget(0) extendedPlatform(0) -> platform(13) subTarget(537395200) extendedPlatform(0)
Refreshing native plugins compatible for Editor in 0.66 ms, found 3 plugins.
Preloading 0 native plugins for Editor in 0.00 ms.
Unloading 2119 Unused Serialized files (Serialized files now loaded: 0)
System memory in use before: 98.3 MB.
System memory in use after: 98.3 MB.

Unloading 21 unused Assets to reduce memory usage. Loaded Objects now: 2590.
Total: 2.440700 ms (FindLiveObjects: 0.185700 ms CreateObjectMapping: 0.073700 ms MarkObjects: 2.068700 ms  DeleteObjects: 0.111600 ms)

AssetImportParameters requested are different than current active one (requested -> active):
  custom:graphics/normal-map-encoding: 01000000000000000000000000000000 -> 02000000000000000000000000000000
========================================================================
Received Prepare
Registering precompiled user dll's ...
Registered in 0.005140 seconds.
Begin MonoManager ReloadAssembly
Native extension for WindowsStandalone target not found
Refreshing native plugins compatible for Editor in 0.50 ms, found 3 plugins.
Preloading 0 native plugins for Editor in 0.00 ms.
Mono: successfully reloaded assembly
- Completed reload, in  1.038 seconds
Platform modules already initialized, skipping
Switching build target platform(19) subTarget(0) extendedPlatform(0) -> platform(13) subTarget(537395200) extendedPlatform(0)
Refreshing native plugins compatible for Editor in 0.42 ms, found 3 plugins.
Preloading 0 native plugins for Editor in 0.00 ms.
Unloading 2119 Unused Serialized files (Serialized files now loaded: 0)
System memory in use before: 98.4 MB.
System memory in use after: 98.3 MB.

Unloading 21 unused Assets to reduce memory usage. Loaded Objects now: 2594.
Total: 2.297300 ms (FindLiveObjects: 0.194500 ms CreateObjectMapping: 0.068900 ms MarkObjects: 1.906800 ms  DeleteObjects: 0.126300 ms)

AssetImportParameters requested are different than current active one (requested -> active):
  custom:graphics/normal-map-encoding: 01000000000000000000000000000000 -> 02000000000000000000000000000000
========================================================================
Received Prepare
Registering precompiled user dll's ...
Registered in 0.006038 seconds.
Begin MonoManager ReloadAssembly
Native extension for WindowsStandalone target not found
Refreshing native plugins compatible for Editor in 0.43 ms, found 3 plugins.
Preloading 0 native plugins for Editor in 0.00 ms.
Mono: successfully reloaded assembly
- Completed reload, in  1.055 seconds
Platform modules already initialized, skipping
Switching build target platform(19) subTarget(0) extendedPlatform(0) -> platform(13) subTarget(537395200) extendedPlatform(0)
Refreshing native plugins compatible for Editor in 0.43 ms, found 3 plugins.
Preloading 0 native plugins for Editor in 0.00 ms.
Unloading 2119 Unused Serialized files (Serialized files now loaded: 0)
System memory in use before: 98.4 MB.
System memory in use after: 98.4 MB.

Unloading 21 unused Assets to reduce memory usage. Loaded Objects now: 2598.
Total: 2.398600 ms (FindLiveObjects: 0.188700 ms CreateObjectMapping: 0.058900 ms MarkObjects: 2.019900 ms  DeleteObjects: 0.130200 ms)

AssetImportParameters requested are different than current active one (requested -> active):
  custom:graphics/normal-map-encoding: 01000000000000000000000000000000 -> 02000000000000000000000000000000
========================================================================
Received Prepare
Registering precompiled user dll's ...
Registered in 0.005536 seconds.
Begin MonoManager ReloadAssembly
Native extension for WindowsStandalone target not found
Refreshing native plugins compatible for Editor in 0.64 ms, found 3 plugins.
Preloading 0 native plugins for Editor in 0.00 ms.
Mono: successfully reloaded assembly
- Completed reload, in  1.049 seconds
Platform modules already initialized, skipping
Switching build target platform(19) subTarget(0) extendedPlatform(0) -> platform(13) subTarget(537395200) extendedPlatform(0)
Refreshing native plugins compatible for Editor in 0.44 ms, found 3 plugins.
Preloading 0 native plugins for Editor in 0.00 ms.
Unloading 2119 Unused Serialized files (Serialized files now loaded: 0)
System memory in use before: 98.4 MB.
System memory in use after: 98.4 MB.

Unloading 21 unused Assets to reduce memory usage. Loaded Objects now: 2602.
Total: 3.424900 ms (FindLiveObjects: 0.327500 ms CreateObjectMapping: 0.144800 ms MarkObjects: 2.736600 ms  DeleteObjects: 0.214900 ms)

AssetImportParameters requested are different than current active one (requested -> active):
  custom:graphics/normal-map-encoding: 01000000000000000000000000000000 -> 02000000000000000000000000000000
========================================================================
Received Prepare
Registering precompiled user dll's ...
Registered in 0.005043 seconds.
Begin MonoManager ReloadAssembly
Native extension for WindowsStandalone target not found
Refreshing native plugins compatible for Editor in 0.43 ms, found 3 plugins.
Preloading 0 native plugins for Editor in 0.00 ms.
Mono: successfully reloaded assembly
- Completed reload, in  1.017 seconds
Platform modules already initialized, skipping
Switching build target platform(19) subTarget(0) extendedPlatform(0) -> platform(13) subTarget(537395200) extendedPlatform(0)
Refreshing native plugins compatible for Editor in 0.59 ms, found 3 plugins.
Preloading 0 native plugins for Editor in 0.00 ms.
Unloading 2119 Unused Serialized files (Serialized files now loaded: 0)
System memory in use before: 98.4 MB.
System memory in use after: 98.4 MB.

Unloading 21 unused Assets to reduce memory usage. Loaded Objects now: 2606.
Total: 2.369300 ms (FindLiveObjects: 0.191100 ms CreateObjectMapping: 0.057200 ms MarkObjects: 1.983400 ms  DeleteObjects: 0.136900 ms)

AssetImportParameters requested are different than current active one (requested -> active):
  custom:graphics/normal-map-encoding: 01000000000000000000000000000000 -> 02000000000000000000000000000000
========================================================================
Received Prepare
Registering precompiled user dll's ...
Registered in 0.005054 seconds.
Begin MonoManager ReloadAssembly
Native extension for WindowsStandalone target not found
Refreshing native plugins compatible for Editor in 0.45 ms, found 3 plugins.
Preloading 0 native plugins for Editor in 0.00 ms.
Mono: successfully reloaded assembly
- Completed reload, in  1.222 seconds
Platform modules already initialized, skipping
Switching build target platform(19) subTarget(0) extendedPlatform(0) -> platform(13) subTarget(537395200) extendedPlatform(0)
Refreshing native plugins compatible for Editor in 0.48 ms, found 3 plugins.
Preloading 0 native plugins for Editor in 0.00 ms.
Unloading 2119 Unused Serialized files (Serialized files now loaded: 0)
System memory in use before: 98.4 MB.
System memory in use after: 98.4 MB.

Unloading 21 unused Assets to reduce memory usage. Loaded Objects now: 2610.
Total: 2.550800 ms (FindLiveObjects: 0.232800 ms CreateObjectMapping: 0.089500 ms MarkObjects: 2.115700 ms  DeleteObjects: 0.111500 ms)

AssetImportParameters requested are different than current active one (requested -> active):
  custom:graphics/normal-map-encoding: 01000000000000000000000000000000 -> 02000000000000000000000000000000
========================================================================
Received Prepare
Registering precompiled user dll's ...
Registered in 0.004478 seconds.
Begin MonoManager ReloadAssembly
Native extension for WindowsStandalone target not found
Refreshing native plugins compatible for Editor in 0.44 ms, found 3 plugins.
Preloading 0 native plugins for Editor in 0.00 ms.
Mono: successfully reloaded assembly
- Completed reload, in  1.110 seconds
Platform modules already initialized, skipping
Switching build target platform(19) subTarget(0) extendedPlatform(0) -> platform(13) subTarget(537395200) extendedPlatform(0)
Refreshing native plugins compatible for Editor in 0.45 ms, found 3 plugins.
Preloading 0 native plugins for Editor in 0.00 ms.
Unloading 2119 Unused Serialized files (Serialized files now loaded: 0)
System memory in use before: 98.4 MB.
System memory in use after: 98.4 MB.

Unloading 21 unused Assets to reduce memory usage. Loaded Objects now: 2614.
Total: 2.409200 ms (FindLiveObjects: 0.193000 ms CreateObjectMapping: 0.058400 ms MarkObjects: 2.040800 ms  DeleteObjects: 0.115900 ms)

AssetImportParameters requested are different than current active one (requested -> active):
  custom:graphics/normal-map-encoding: 01000000000000000000000000000000 -> 02000000000000000000000000000000
AssetImportWorkerClient::OnTransportError - code=2 error=End of file
